<?xml version="1.0" encoding="UTF-8"?>
<testng-results ignored="0" total="1" passed="1" failed="0" skipped="0">
  <reporter-output>
  </reporter-output>
  <suite started-at="2020-07-19T20:08:40 IST" name="Default suite" finished-at="2020-07-19T20:08:48 IST" duration-ms="8133">
    <groups>
    </groups>
    <test started-at="2020-07-19T20:08:40 IST" name="Default test" finished-at="2020-07-19T20:08:48 IST" duration-ms="8133">
      <class name="com.sele.B_SampleBefore">
        <test-method is-config="true" signature="m()[pri:0, instance:com.sele.B_SampleBefore@5c1a8622]" started-at="2020-07-19T20:08:40 IST" name="m" finished-at="2020-07-19T20:08:45 IST" duration-ms="4298" status="PASS">
          <reporter-output>
          </reporter-output>
        </test-method> <!-- m -->
        <test-method signature="test()[pri:0, instance:com.sele.B_SampleBefore@5c1a8622]" started-at="2020-07-19T20:08:45 IST" name="test" finished-at="2020-07-19T20:08:48 IST" duration-ms="3786" status="PASS">
          <reporter-output>
          </reporter-output>
        </test-method> <!-- test -->
      </class> <!-- com.sele.B_SampleBefore -->
    </test> <!-- Default test -->
  </suite> <!-- Default suite -->
</testng-results>
